MongoDB logging. Please note that logging negatively impacts performance and should be disabled for high-performance production apps.
MONGODB admin['$cmd'].find({:ismaster=>1})
MONGODB admin['$cmd'].find({:ismaster=>1})


Started GET "/assets/rails.png" for 127.0.0.1 at 2011-06-24 03:35:08 +0200
Served asset /rails.png - 200 OK  (23ms)  (pid 15995)


Started GET "/rails/info/properties" for 127.0.0.1 at 2011-06-24 03:35:13 +0200
  Processing by Rails::InfoController#properties as */*
Rendered inline template (0.4ms)
Completed 200 OK in 49ms (Views: 48.3ms)
MongoDB logging. Please note that logging negatively impacts performance and should be disabled for high-performance production apps.
MONGODB admin['$cmd'].find({:ismaster=>1})
MONGODB admin['$cmd'].find({:ismaster=>1})
DEPRECATION WARNING: ActiveSupport::SecureRandom is deprecated! Use SecureRandom instead. (called from template at (erb):57)
MongoDB logging. Please note that logging negatively impacts performance and should be disabled for high-performance production apps.
MONGODB admin['$cmd'].find({:ismaster=>1})
MONGODB admin['$cmd'].find({:ismaster=>1})
MongoDB logging. Please note that logging negatively impacts performance and should be disabled for high-performance production apps.
MONGODB admin['$cmd'].find({:ismaster=>1})
MONGODB admin['$cmd'].find({:ismaster=>1})
MongoDB logging. Please note that logging negatively impacts performance and should be disabled for high-performance production apps.
MONGODB admin['$cmd'].find({:ismaster=>1})
MONGODB admin['$cmd'].find({:ismaster=>1})
MongoDB logging. Please note that logging negatively impacts performance and should be disabled for high-performance production apps.
MONGODB admin['$cmd'].find({:ismaster=>1})
MONGODB admin['$cmd'].find({:ismaster=>1})


Started GET "/" for 127.0.0.1 at 2011-06-24 04:33:24 +0200
  Processing by HomeController#index as HTML
Rendered home/index.html.haml within layouts/application (1.3ms)
Completed 200 OK in 59ms (Views: 58.3ms)


Started GET "/assets/application.js" for 127.0.0.1 at 2011-06-24 04:33:25 +0200
Compiled ~/Dev/RAILSAPPS/xplaygrounds/app/assets/javascripts/application.js  (2ms)  (pid 16215)
Compiled ~/.rvm/gems/ruby-1.9.2-p180@rails31/gems/jquery-rails-1.0.12/vendor/assets/javascripts/jquery.js  (0ms)  (pid 16215)
Compiled ~/.rvm/gems/ruby-1.9.2-p180@rails31/gems/jquery-rails-1.0.12/vendor/assets/javascripts/jquery_ujs.js  (0ms)  (pid 16215)
Compiled ~/Dev/RAILSAPPS/xplaygrounds/app/assets/javascripts/home.js.coffee  (206ms)  (pid 16215)
Compiled ~/Dev/RAILSAPPS/xplaygrounds/app/assets/javascripts/application.js  (0ms)  (pid 16215)
Served asset /application.js - 200 OK  (217ms)  (pid 16215)


Started GET "/assets/application.css" for 127.0.0.1 at 2011-06-24 04:33:25 +0200
Compiled ~/Dev/RAILSAPPS/xplaygrounds/app/assets/stylesheets/application.css  (3ms)  (pid 16215)
Compiled ~/Dev/RAILSAPPS/xplaygrounds/app/assets/stylesheets/home.css  (0ms)  (pid 16215)
Compiled ~/Dev/RAILSAPPS/xplaygrounds/app/assets/stylesheets/application.css  (0ms)  (pid 16215)
Served asset /application.css - 200 OK  (6ms)  (pid 16215)
MongoDB logging. Please note that logging negatively impacts performance and should be disabled for high-performance production apps.
MONGODB admin['$cmd'].find({:ismaster=>1})
MONGODB admin['$cmd'].find({:ismaster=>1})
MONGODB xplaygrounds_development['system.namespaces'].find({})
MONGODB xplaygrounds_development['$cmd'].find({"count"=>"users", "query"=>{:email=>"m@g.de"}, "fields"=>nil})
MONGODB xplaygrounds_development['$cmd'].find({"count"=>"users", "query"=>{:name=>/^Micha$/i}, "fields"=>nil})
MONGODB xplaygrounds_development['$cmd'].find({"count"=>"users", "query"=>{:email=>/^m@g\.de$/i}, "fields"=>nil})
MONGODB xplaygrounds_development['users'].insert([{"email"=>"m@g.de", "encrypted_password"=>"$2a$10$08TswXrWvnP9/ykSr638Hu0dCD8ax6nwooNjFg.7krMDPKAD5LQee", "sign_in_count"=>0, "name"=>"Micha", "_id"=>BSON::ObjectId('4e03fa72530a693f76000001')}])
MongoDB logging. Please note that logging negatively impacts performance and should be disabled for high-performance production apps.
MONGODB admin['$cmd'].find({:ismaster=>1})
MONGODB admin['$cmd'].find({:ismaster=>1})


Started GET "/" for 127.0.0.1 at 2011-06-24 04:46:48 +0200
  Processing by HomeController#index as HTML
MONGODB xplaygrounds_development['users'].find({})
Rendered home/index.html.haml within layouts/application (5.0ms)
Completed 500 Internal Server Error in 81ms

ActionView::Template::Error (undefined method `hash_for_user_path' for #<Module:0x00000102a941d0>):
    1: %h3 Home
    2: - @users.each do |user|
    3:   %p
    4:     User: #{link_to user.name, user}
  app/views/home/index.html.haml:4:in `block in _app_views_home_index_html_haml__1469882933739796914_2169813180'
  app/views/home/index.html.haml:2:in `_app_views_home_index_html_haml__1469882933739796914_2169813180'

Rendered /Users/MiGa/.rvm/gems/ruby-1.9.2-p180@rails31/gems/actionpack-3.1.0.rc4/lib/action_dispatch/middleware/templates/rescues/_trace.erb (1.1ms)
Rendered /Users/MiGa/.rvm/gems/ruby-1.9.2-p180@rails31/gems/actionpack-3.1.0.rc4/lib/action_dispatch/middleware/templates/rescues/_request_and_response.erb (0.9ms)
Rendered /Users/MiGa/.rvm/gems/ruby-1.9.2-p180@rails31/gems/actionpack-3.1.0.rc4/lib/action_dispatch/middleware/templates/rescues/template_error.erb within rescues/layout (5.1ms)


Started GET "/" for 127.0.0.1 at 2011-06-24 04:47:58 +0200
  Processing by HomeController#index as HTML
MONGODB xplaygrounds_development['users'].find({})
Rendered home/index.html.haml within layouts/application (2.6ms)
Completed 200 OK in 7ms (Views: 6.4ms)


Started GET "/assets/application.css" for 127.0.0.1 at 2011-06-24 04:47:59 +0200
Compiled ~/Dev/RAILSAPPS/xplaygrounds/app/assets/stylesheets/application.css  (1ms)  (pid 16258)
Compiled ~/Dev/RAILSAPPS/xplaygrounds/app/assets/stylesheets/home.css  (0ms)  (pid 16258)
Served asset /application.css - 304 Not Modified  (4ms)  (pid 16258)


Started GET "/assets/application.js" for 127.0.0.1 at 2011-06-24 04:47:59 +0200
Compiled ~/Dev/RAILSAPPS/xplaygrounds/app/assets/javascripts/application.js  (2ms)  (pid 16258)
Compiled ~/.rvm/gems/ruby-1.9.2-p180@rails31/gems/jquery-rails-1.0.12/vendor/assets/javascripts/jquery.js  (0ms)  (pid 16258)
Compiled ~/.rvm/gems/ruby-1.9.2-p180@rails31/gems/jquery-rails-1.0.12/vendor/assets/javascripts/jquery_ujs.js  (0ms)  (pid 16258)
Compiled ~/Dev/RAILSAPPS/xplaygrounds/app/assets/javascripts/home.js.coffee  (332ms)  (pid 16258)
Served asset /application.js - 304 Not Modified  (343ms)  (pid 16258)
MongoDB logging. Please note that logging negatively impacts performance and should be disabled for high-performance production apps.
MONGODB admin['$cmd'].find({:ismaster=>1})
MONGODB admin['$cmd'].find({:ismaster=>1})
MongoDB logging. Please note that logging negatively impacts performance and should be disabled for high-performance production apps.
MONGODB admin['$cmd'].find({:ismaster=>1})
MONGODB admin['$cmd'].find({:ismaster=>1})


Started GET "/" for 127.0.0.1 at 2011-06-24 04:54:46 +0200
  Processing by HomeController#index as HTML
MONGODB xplaygrounds_development['users'].find({})
Rendered home/index.html.haml within layouts/application (3.6ms)
Rendered devise/menu/_registration_items.html.haml (2.6ms)
Rendered devise/menu/_login_items.html.haml (2.6ms)
Completed 200 OK in 119ms (Views: 118.8ms)


Started GET "/assets/application.css" for 127.0.0.1 at 2011-06-24 04:54:46 +0200
Compiled ~/Dev/RAILSAPPS/xplaygrounds/app/assets/stylesheets/application.css  (0ms)  (pid 16333)
Compiled ~/Dev/RAILSAPPS/xplaygrounds/app/assets/stylesheets/application.css  (0ms)  (pid 16333)
Served asset /application.css - 200 OK  (2ms)  (pid 16333)


Started GET "/assets/application.js" for 127.0.0.1 at 2011-06-24 04:54:46 +0200
Compiled ~/Dev/RAILSAPPS/xplaygrounds/app/assets/javascripts/application.js  (3ms)  (pid 16333)
Compiled ~/.rvm/gems/ruby-1.9.2-p180@rails31/gems/jquery-rails-1.0.12/vendor/assets/javascripts/jquery.js  (0ms)  (pid 16333)
Compiled ~/.rvm/gems/ruby-1.9.2-p180@rails31/gems/jquery-rails-1.0.12/vendor/assets/javascripts/jquery_ujs.js  (0ms)  (pid 16333)
Compiled ~/Dev/RAILSAPPS/xplaygrounds/app/assets/javascripts/home.js.coffee  (143ms)  (pid 16333)
Compiled ~/Dev/RAILSAPPS/xplaygrounds/app/assets/javascripts/users.js.coffee  (71ms)  (pid 16333)
Compiled ~/Dev/RAILSAPPS/xplaygrounds/app/assets/javascripts/application.js  (0ms)  (pid 16333)
Served asset /application.js - 200 OK  (228ms)  (pid 16333)


Started GET "/users/4e03fa72530a693f76000001" for 127.0.0.1 at 2011-06-24 04:54:52 +0200
  Processing by UsersController#show as HTML
  Parameters: {"id"=>"4e03fa72530a693f76000001"}
Completed   in 1ms


Started GET "/users/sign_in" for 127.0.0.1 at 2011-06-24 04:54:52 +0200
  Processing by Devise::SessionsController#new as HTML
Rendered /Users/MiGa/.rvm/gems/ruby-1.9.2-p180@rails31/gems/devise-1.3.4/app/views/devise/shared/_links.erb (1.7ms)
Rendered /Users/MiGa/.rvm/gems/ruby-1.9.2-p180@rails31/gems/devise-1.3.4/app/views/devise/sessions/new.html.erb within layouts/application (7.1ms)
Rendered devise/menu/_registration_items.html.haml (0.7ms)
Rendered devise/menu/_login_items.html.haml (0.4ms)
Completed 200 OK in 31ms (Views: 29.9ms)


Started POST "/users/sign_in" for 127.0.0.1 at 2011-06-24 04:57:53 +0200
  Processing by Devise::SessionsController#create as HTML
  Parameters: {"utf8"=>"✓", "authenticity_token"=>"rElhJjaHgLSpiOTHyTL26vC27ye0RVVKiLJWBw9CW/s=", "user"=>{"email"=>"m@g.de", "password"=>"[FILTERED]", "remember_me"=>"0"}, "commit"=>"Sign in"}
MONGODB xplaygrounds_development['users'].find({:email=>"m@g.de"}).sort([])
Completed   in 139ms
  Processing by Devise::SessionsController#new as HTML
  Parameters: {"utf8"=>"✓", "authenticity_token"=>"rElhJjaHgLSpiOTHyTL26vC27ye0RVVKiLJWBw9CW/s=", "user"=>{"email"=>"m@g.de", "password"=>"[FILTERED]", "remember_me"=>"0"}, "commit"=>"Sign in"}
Rendered /Users/MiGa/.rvm/gems/ruby-1.9.2-p180@rails31/gems/devise-1.3.4/app/views/devise/shared/_links.erb (0.9ms)
Rendered /Users/MiGa/.rvm/gems/ruby-1.9.2-p180@rails31/gems/devise-1.3.4/app/views/devise/sessions/new.html.erb within layouts/application (4.7ms)
Rendered devise/menu/_registration_items.html.haml (0.5ms)
Rendered devise/menu/_login_items.html.haml (0.4ms)
Completed 200 OK in 93ms (Views: 10.7ms)


Started GET "/assets/application.js" for 127.0.0.1 at 2011-06-24 04:57:53 +0200
Served asset /application.js - 304 Not Modified  (0ms)  (pid 16333)


Started GET "/assets/application.css" for 127.0.0.1 at 2011-06-24 04:57:53 +0200
Served asset /application.css - 304 Not Modified  (0ms)  (pid 16333)


Started POST "/users/sign_in" for 127.0.0.1 at 2011-06-24 04:57:59 +0200
  Processing by Devise::SessionsController#create as HTML
  Parameters: {"utf8"=>"✓", "authenticity_token"=>"rElhJjaHgLSpiOTHyTL26vC27ye0RVVKiLJWBw9CW/s=", "user"=>{"email"=>"m@g.de", "password"=>"[FILTERED]", "remember_me"=>"0"}, "commit"=>"Sign in"}
MONGODB xplaygrounds_development['users'].find({:email=>"m@g.de"}).sort([])
Completed   in 84ms
  Processing by Devise::SessionsController#new as HTML
  Parameters: {"utf8"=>"✓", "authenticity_token"=>"rElhJjaHgLSpiOTHyTL26vC27ye0RVVKiLJWBw9CW/s=", "user"=>{"email"=>"m@g.de", "password"=>"[FILTERED]", "remember_me"=>"0"}, "commit"=>"Sign in"}
Rendered /Users/MiGa/.rvm/gems/ruby-1.9.2-p180@rails31/gems/devise-1.3.4/app/views/devise/shared/_links.erb (0.7ms)
Rendered /Users/MiGa/.rvm/gems/ruby-1.9.2-p180@rails31/gems/devise-1.3.4/app/views/devise/sessions/new.html.erb within layouts/application (4.7ms)
Rendered devise/menu/_registration_items.html.haml (0.5ms)
Rendered devise/menu/_login_items.html.haml (0.3ms)
Completed 200 OK in 103ms (Views: 10.6ms)


Started GET "/assets/application.css" for 127.0.0.1 at 2011-06-24 04:57:59 +0200
Served asset /application.css - 304 Not Modified  (0ms)  (pid 16333)


Started GET "/assets/application.js" for 127.0.0.1 at 2011-06-24 04:57:59 +0200
Served asset /application.js - 304 Not Modified  (0ms)  (pid 16333)


Started POST "/users/sign_in" for 127.0.0.1 at 2011-06-24 04:58:03 +0200
  Processing by Devise::SessionsController#create as HTML
  Parameters: {"utf8"=>"✓", "authenticity_token"=>"rElhJjaHgLSpiOTHyTL26vC27ye0RVVKiLJWBw9CW/s=", "user"=>{"email"=>"m@g.de", "password"=>"[FILTERED]", "remember_me"=>"0"}, "commit"=>"Sign in"}
MONGODB xplaygrounds_development['users'].find({:email=>"m@g.de"}).sort([])
MONGODB xplaygrounds_development['users'].update({"_id"=>BSON::ObjectId('4e03fa72530a693f76000001')}, {"$set"=>{"last_sign_in_at"=>2011-06-24 02:58:03 UTC, "current_sign_in_at"=>2011-06-24 02:58:03 UTC, "last_sign_in_ip"=>"127.0.0.1", "current_sign_in_ip"=>"127.0.0.1", "sign_in_count"=>1}})
Redirected to http://localhost:3000/users/4e03fa72530a693f76000001
Completed 302 Found in 90ms


Started GET "/users/4e03fa72530a693f76000001" for 127.0.0.1 at 2011-06-24 04:58:03 +0200
  Processing by UsersController#show as HTML
  Parameters: {"id"=>"4e03fa72530a693f76000001"}
MONGODB xplaygrounds_development['users'].find({:_id=>BSON::ObjectId('4e03fa72530a693f76000001')})
MONGODB xplaygrounds_development['users'].find({:_id=>BSON::ObjectId('4e03fa72530a693f76000001')})
Rendered users/show.html.haml within layouts/application (1.3ms)
Rendered devise/menu/_registration_items.html.haml (0.5ms)
Rendered devise/menu/_login_items.html.haml (0.3ms)
Completed 200 OK in 9ms (Views: 7.1ms)


Started GET "/assets/application.js" for 127.0.0.1 at 2011-06-24 04:58:03 +0200
Served asset /application.js - 304 Not Modified  (0ms)  (pid 16333)


Started GET "/assets/application.css" for 127.0.0.1 at 2011-06-24 04:58:03 +0200
Served asset /application.css - 304 Not Modified  (0ms)  (pid 16333)


Started GET "/users/sign_out" for 127.0.0.1 at 2011-06-24 04:59:59 +0200
  Processing by Devise::SessionsController#destroy as HTML
MONGODB xplaygrounds_development['users'].find({:_id=>BSON::ObjectId('4e03fa72530a693f76000001')})
Redirected to http://localhost:3000/
Completed 302 Found in 54ms


Started GET "/" for 127.0.0.1 at 2011-06-24 04:59:59 +0200
  Processing by HomeController#index as HTML
MONGODB xplaygrounds_development['users'].find({})
Rendered home/index.html.haml within layouts/application (2.1ms)
Rendered devise/menu/_registration_items.html.haml (0.5ms)
Rendered devise/menu/_login_items.html.haml (0.3ms)
Completed 200 OK in 9ms (Views: 8.3ms)


Started GET "/assets/application.css" for 127.0.0.1 at 2011-06-24 05:00:00 +0200
Served asset /application.css - 304 Not Modified  (0ms)  (pid 16333)


Started GET "/assets/application.js" for 127.0.0.1 at 2011-06-24 05:00:00 +0200
Served asset /application.js - 304 Not Modified  (0ms)  (pid 16333)


Started GET "/" for 127.0.0.1 at 2011-06-24 05:00:03 +0200
  Processing by HomeController#index as HTML
MONGODB xplaygrounds_development['users'].find({})
Rendered home/index.html.haml within layouts/application (2.0ms)
Rendered devise/menu/_registration_items.html.haml (0.5ms)
Rendered devise/menu/_login_items.html.haml (0.3ms)
Completed 200 OK in 9ms (Views: 7.8ms)


Started GET "/assets/application.js" for 127.0.0.1 at 2011-06-24 05:00:03 +0200
Served asset /application.js - 304 Not Modified  (0ms)  (pid 16333)


Started GET "/assets/application.css" for 127.0.0.1 at 2011-06-24 05:00:03 +0200
Served asset /application.css - 304 Not Modified  (0ms)  (pid 16333)


Started GET "/" for 127.0.0.1 at 2011-06-24 05:02:33 +0200
  Processing by HomeController#index as HTML
MONGODB xplaygrounds_development['users'].find({})
Rendered home/index.html.haml within layouts/application (3.8ms)
Rendered devise/menu/_registration_items.html.haml (2.3ms)
Rendered devise/menu/_login_items.html.haml (0.4ms)
Completed 200 OK in 17ms (Views: 16.8ms)


Started GET "/assets/application.css" for 127.0.0.1 at 2011-06-24 05:02:33 +0200
Served asset /application.css - 304 Not Modified  (0ms)  (pid 16333)


Started GET "/assets/application.js" for 127.0.0.1 at 2011-06-24 05:02:33 +0200
Served asset /application.js - 304 Not Modified  (0ms)  (pid 16333)


Started GET "/" for 127.0.0.1 at 2011-06-24 05:08:37 +0200
  Processing by HomeController#index as HTML
MONGODB xplaygrounds_development['users'].find({})
Rendered home/index.html.haml within layouts/application (1.9ms)
Completed 500 Internal Server Error in 15ms

ActionView::Template::Error (Inconsistent indentation: 1 tab was used for indentation, but the rest of the document was indented using 2 spaces.):
    13:       = content_tag :div, msg, :id => "flash_#{name}" if msg.is_a?(String)
    14:     = yield
    15: 
    16: 	%h1#logo
    17: 	  %a{:href => "index.html"}
    18: 	    %img{:alt => "X-Playgrounds Social Platform for Xtreme sports Logo", :src => "http://www.x-playgrounds.com/img/logo.png"}/
    19: 	#main{:role => "main"}
  app/views/layouts/application.html.haml:16

Rendered /Users/MiGa/.rvm/gems/ruby-1.9.2-p180@rails31/gems/actionpack-3.1.0.rc4/lib/action_dispatch/middleware/templates/rescues/_trace.erb (1.2ms)
Rendered /Users/MiGa/.rvm/gems/ruby-1.9.2-p180@rails31/gems/actionpack-3.1.0.rc4/lib/action_dispatch/middleware/templates/rescues/_request_and_response.erb (1.0ms)
Rendered /Users/MiGa/.rvm/gems/ruby-1.9.2-p180@rails31/gems/actionpack-3.1.0.rc4/lib/action_dispatch/middleware/templates/rescues/template_error.erb within rescues/layout (5.4ms)


Started GET "/" for 127.0.0.1 at 2011-06-24 05:10:06 +0200
  Processing by HomeController#index as HTML
MONGODB xplaygrounds_development['users'].find({})
Rendered home/index.html.haml within layouts/application (1.9ms)
Completed 500 Internal Server Error in 7ms

ActionView::Template::Error (Inconsistent indentation: 1 tab was used for indentation, but the rest of the document was indented using 2 spaces.):
    12:     - flash.each do |name, msg|
    13:       = content_tag :div, msg, :id => "flash_#{name}" if msg.is_a?(String)
    14:     = yield
    15: 	%h1#logo
    16: 	  %a{:href => "index.html"}
    17: 	    %img{:alt => "X-Playgrounds Social Platform for Xtreme sports Logo", :src => "http://www.x-playgrounds.com/img/logo.png"}/
    18: 	#main{:role => "main"}
  app/views/layouts/application.html.haml:15

Rendered /Users/MiGa/.rvm/gems/ruby-1.9.2-p180@rails31/gems/actionpack-3.1.0.rc4/lib/action_dispatch/middleware/templates/rescues/_trace.erb (1.1ms)
Rendered /Users/MiGa/.rvm/gems/ruby-1.9.2-p180@rails31/gems/actionpack-3.1.0.rc4/lib/action_dispatch/middleware/templates/rescues/_request_and_response.erb (0.9ms)
Rendered /Users/MiGa/.rvm/gems/ruby-1.9.2-p180@rails31/gems/actionpack-3.1.0.rc4/lib/action_dispatch/middleware/templates/rescues/template_error.erb within rescues/layout (4.2ms)


Started GET "/" for 127.0.0.1 at 2011-06-24 05:11:28 +0200
  Processing by HomeController#index as HTML
MONGODB xplaygrounds_development['users'].find({})
Rendered home/index.html.haml within layouts/application (2.3ms)
Completed 500 Internal Server Error in 11ms

ActionView::Template::Error (Inconsistent indentation: 1 tab was used for indentation, but the rest of the document was indented using 2 spaces.):
    12:     - flash.each do |name, msg|
    13:       = content_tag :div, msg, :id => "flash_#{name}" if msg.is_a?(String)
    14:     = yield
    15: 	%h1#logo
    16: 	  %a{:href => "index.html"}
    17: 	    %img{:alt => "X-Playgrounds Social Platform for Xtreme sports Logo", :src => "http://www.x-playgrounds.com/img/logo.png"}/
    18: 	#main{:role => "main"}
  app/views/layouts/application.html.haml:15

Rendered /Users/MiGa/.rvm/gems/ruby-1.9.2-p180@rails31/gems/actionpack-3.1.0.rc4/lib/action_dispatch/middleware/templates/rescues/_trace.erb (1.0ms)
Rendered /Users/MiGa/.rvm/gems/ruby-1.9.2-p180@rails31/gems/actionpack-3.1.0.rc4/lib/action_dispatch/middleware/templates/rescues/_request_and_response.erb (0.8ms)
Rendered /Users/MiGa/.rvm/gems/ruby-1.9.2-p180@rails31/gems/actionpack-3.1.0.rc4/lib/action_dispatch/middleware/templates/rescues/template_error.erb within rescues/layout (4.0ms)


Started GET "/" for 127.0.0.1 at 2011-06-24 05:11:30 +0200
  Processing by HomeController#index as HTML
MONGODB xplaygrounds_development['users'].find({})
Rendered home/index.html.haml within layouts/application (1.8ms)
Completed 500 Internal Server Error in 6ms

ActionView::Template::Error (Inconsistent indentation: 1 tab was used for indentation, but the rest of the document was indented using 2 spaces.):
    12:     - flash.each do |name, msg|
    13:       = content_tag :div, msg, :id => "flash_#{name}" if msg.is_a?(String)
    14:     = yield
    15: 	%h1#logo
    16: 	  %a{:href => "index.html"}
    17: 	    %img{:alt => "X-Playgrounds Social Platform for Xtreme sports Logo", :src => "http://www.x-playgrounds.com/img/logo.png"}/
    18: 	#main{:role => "main"}
  app/views/layouts/application.html.haml:15

Rendered /Users/MiGa/.rvm/gems/ruby-1.9.2-p180@rails31/gems/actionpack-3.1.0.rc4/lib/action_dispatch/middleware/templates/rescues/_trace.erb (1.1ms)
Rendered /Users/MiGa/.rvm/gems/ruby-1.9.2-p180@rails31/gems/actionpack-3.1.0.rc4/lib/action_dispatch/middleware/templates/rescues/_request_and_response.erb (0.8ms)
Rendered /Users/MiGa/.rvm/gems/ruby-1.9.2-p180@rails31/gems/actionpack-3.1.0.rc4/lib/action_dispatch/middleware/templates/rescues/template_error.erb within rescues/layout (4.2ms)


Started GET "/" for 127.0.0.1 at 2011-06-24 05:14:48 +0200
  Processing by HomeController#index as HTML
MONGODB xplaygrounds_development['users'].find({})
Rendered home/index.html.haml within layouts/application (2.0ms)
Completed 500 Internal Server Error in 7ms

ActionView::Template::Error (Inconsistent indentation: 1 tab was used for indentation, but the rest of the document was indented using 2 spaces.):
    12:     - flash.each do |name, msg|
    13:       = content_tag :div, msg, :id => "flash_#{name}" if msg.is_a?(String)
    14:     
    15: 	%h1#logo
    16: 	  %a{:href => "index.html"}
    17: 	    %img{:alt => "X-Playgrounds Social Platform for Xtreme sports Logo", :src => "http://www.x-playgrounds.com/img/logo.png"}/
    18: 	#main{:role => "main"}
  app/views/layouts/application.html.haml:15

Rendered /Users/MiGa/.rvm/gems/ruby-1.9.2-p180@rails31/gems/actionpack-3.1.0.rc4/lib/action_dispatch/middleware/templates/rescues/_trace.erb (1.0ms)
Rendered /Users/MiGa/.rvm/gems/ruby-1.9.2-p180@rails31/gems/actionpack-3.1.0.rc4/lib/action_dispatch/middleware/templates/rescues/_request_and_response.erb (0.9ms)
Rendered /Users/MiGa/.rvm/gems/ruby-1.9.2-p180@rails31/gems/actionpack-3.1.0.rc4/lib/action_dispatch/middleware/templates/rescues/template_error.erb within rescues/layout (4.1ms)


Started GET "/" for 127.0.0.1 at 2011-06-24 05:14:53 +0200
  Processing by HomeController#index as HTML
MONGODB xplaygrounds_development['users'].find({})
Rendered home/index.html.haml within layouts/application (28.5ms)
Completed 500 Internal Server Error in 33ms

ActionView::Template::Error (Inconsistent indentation: 1 tab was used for indentation, but the rest of the document was indented using 2 spaces.):
    12:     - flash.each do |name, msg|
    13:       = content_tag :div, msg, :id => "flash_#{name}" if msg.is_a?(String)
    14:     
    15: 	%h1#logo
    16: 	  %a{:href => "index.html"}
    17: 	    %img{:alt => "X-Playgrounds Social Platform for Xtreme sports Logo", :src => "http://www.x-playgrounds.com/img/logo.png"}/
    18: 	#main{:role => "main"}
  app/views/layouts/application.html.haml:15

Rendered /Users/MiGa/.rvm/gems/ruby-1.9.2-p180@rails31/gems/actionpack-3.1.0.rc4/lib/action_dispatch/middleware/templates/rescues/_trace.erb (1.0ms)
Rendered /Users/MiGa/.rvm/gems/ruby-1.9.2-p180@rails31/gems/actionpack-3.1.0.rc4/lib/action_dispatch/middleware/templates/rescues/_request_and_response.erb (0.9ms)
Rendered /Users/MiGa/.rvm/gems/ruby-1.9.2-p180@rails31/gems/actionpack-3.1.0.rc4/lib/action_dispatch/middleware/templates/rescues/template_error.erb within rescues/layout (4.1ms)


Started GET "/" for 127.0.0.1 at 2011-06-24 05:16:27 +0200
  Processing by HomeController#index as HTML
MONGODB xplaygrounds_development['users'].find({})
Rendered home/index.html.haml within layouts/application (1.9ms)
Completed 500 Internal Server Error in 7ms

ActionView::Template::Error (Inconsistent indentation: 1 tab was used for indentation, but the rest of the document was indented using 2 spaces.):
    11:       = render 'devise/menu/login_items'
    12:     - flash.each do |name, msg|
    13:       = content_tag :div, msg, :id => "flash_#{name}" if msg.is_a?(String)
    14: 	%h1#logo
    15: 		%a{:href => "index.html"}
    16: 	 		%img{:alt => "X-Playgrounds Social Platform for Xtreme sports Logo", :src => "http://www.x-playgrounds.com/img/logo.png"}/
    17: 	#main{:role => "main"}
  app/views/layouts/application.html.haml:14

Rendered /Users/MiGa/.rvm/gems/ruby-1.9.2-p180@rails31/gems/actionpack-3.1.0.rc4/lib/action_dispatch/middleware/templates/rescues/_trace.erb (1.0ms)
Rendered /Users/MiGa/.rvm/gems/ruby-1.9.2-p180@rails31/gems/actionpack-3.1.0.rc4/lib/action_dispatch/middleware/templates/rescues/_request_and_response.erb (0.9ms)
Rendered /Users/MiGa/.rvm/gems/ruby-1.9.2-p180@rails31/gems/actionpack-3.1.0.rc4/lib/action_dispatch/middleware/templates/rescues/template_error.erb within rescues/layout (4.1ms)


Started GET "/" for 127.0.0.1 at 2011-06-24 05:17:28 +0200
  Processing by HomeController#index as HTML
MONGODB xplaygrounds_development['users'].find({})
Rendered home/index.html.haml within layouts/application (2.1ms)
Completed 500 Internal Server Error in 7ms

ActionView::Template::Error (Inconsistent indentation: "  \t" was used for indentation, but the rest of the document was indented using 1 tab.):
    1: !!!
    2: %html
    3: 	%head
    4:   	%title Xplaygrounds
    5:     = stylesheet_link_tag    "application"
    6:     = javascript_include_tag "application"
    7:     = csrf_meta_tags
  app/views/layouts/application.html.haml:4

Rendered /Users/MiGa/.rvm/gems/ruby-1.9.2-p180@rails31/gems/actionpack-3.1.0.rc4/lib/action_dispatch/middleware/templates/rescues/_trace.erb (1.0ms)
Rendered /Users/MiGa/.rvm/gems/ruby-1.9.2-p180@rails31/gems/actionpack-3.1.0.rc4/lib/action_dispatch/middleware/templates/rescues/_request_and_response.erb (0.9ms)
Rendered /Users/MiGa/.rvm/gems/ruby-1.9.2-p180@rails31/gems/actionpack-3.1.0.rc4/lib/action_dispatch/middleware/templates/rescues/template_error.erb within rescues/layout (4.2ms)


Started GET "/" for 127.0.0.1 at 2011-06-24 05:17:56 +0200
  Processing by HomeController#index as HTML
MONGODB xplaygrounds_development['users'].find({})
Rendered home/index.html.haml within layouts/application (1.9ms)
Completed 500 Internal Server Error in 6ms

ActionView::Template::Error (Inconsistent indentation: 4 spaces were used for indentation, but the rest of the document was indented using 1 tab.):
    2: %html
    3: 	%head
    4: 		%title Xplaygrounds
    5:     = stylesheet_link_tag    "application"
    6:     = javascript_include_tag "application"
    7:     = csrf_meta_tags
    8: 	%body
  app/views/layouts/application.html.haml:5

Rendered /Users/MiGa/.rvm/gems/ruby-1.9.2-p180@rails31/gems/actionpack-3.1.0.rc4/lib/action_dispatch/middleware/templates/rescues/_trace.erb (1.0ms)
Rendered /Users/MiGa/.rvm/gems/ruby-1.9.2-p180@rails31/gems/actionpack-3.1.0.rc4/lib/action_dispatch/middleware/templates/rescues/_request_and_response.erb (0.8ms)
Rendered /Users/MiGa/.rvm/gems/ruby-1.9.2-p180@rails31/gems/actionpack-3.1.0.rc4/lib/action_dispatch/middleware/templates/rescues/template_error.erb within rescues/layout (4.0ms)


Started GET "/" for 127.0.0.1 at 2011-06-24 05:18:31 +0200
  Processing by HomeController#index as HTML
MONGODB xplaygrounds_development['users'].find({})
Rendered home/index.html.haml within layouts/application (1.9ms)
Completed 500 Internal Server Error in 6ms

ActionView::Template::Error (Inconsistent indentation: "\t  " was used for indentation, but the rest of the document was indented using 1 tab.):
    1: !!!
    2: %html
    3: 	%head
    4: 	  %title Xplaygrounds
    5:     = stylesheet_link_tag    "application"
    6:     = javascript_include_tag "application"
    7:     = csrf_meta_tags
  app/views/layouts/application.html.haml:4

Rendered /Users/MiGa/.rvm/gems/ruby-1.9.2-p180@rails31/gems/actionpack-3.1.0.rc4/lib/action_dispatch/middleware/templates/rescues/_trace.erb (1.0ms)
Rendered /Users/MiGa/.rvm/gems/ruby-1.9.2-p180@rails31/gems/actionpack-3.1.0.rc4/lib/action_dispatch/middleware/templates/rescues/_request_and_response.erb (1.1ms)
Rendered /Users/MiGa/.rvm/gems/ruby-1.9.2-p180@rails31/gems/actionpack-3.1.0.rc4/lib/action_dispatch/middleware/templates/rescues/template_error.erb within rescues/layout (30.4ms)


Started GET "/" for 127.0.0.1 at 2011-06-24 05:18:35 +0200
  Processing by HomeController#index as HTML
MONGODB xplaygrounds_development['users'].find({})
Rendered home/index.html.haml within layouts/application (2.0ms)
Completed 500 Internal Server Error in 6ms

ActionView::Template::Error (Inconsistent indentation: "\t  " was used for indentation, but the rest of the document was indented using 1 tab.):
    1: !!!
    2: %html
    3: 	%head
    4: 	  %title Xplaygrounds
    5:     = stylesheet_link_tag    "application"
    6:     = javascript_include_tag "application"
    7:     = csrf_meta_tags
  app/views/layouts/application.html.haml:4

Rendered /Users/MiGa/.rvm/gems/ruby-1.9.2-p180@rails31/gems/actionpack-3.1.0.rc4/lib/action_dispatch/middleware/templates/rescues/_trace.erb (1.0ms)
Rendered /Users/MiGa/.rvm/gems/ruby-1.9.2-p180@rails31/gems/actionpack-3.1.0.rc4/lib/action_dispatch/middleware/templates/rescues/_request_and_response.erb (0.8ms)
Rendered /Users/MiGa/.rvm/gems/ruby-1.9.2-p180@rails31/gems/actionpack-3.1.0.rc4/lib/action_dispatch/middleware/templates/rescues/template_error.erb within rescues/layout (4.1ms)


Started GET "/" for 127.0.0.1 at 2011-06-24 05:18:57 +0200
  Processing by HomeController#index as HTML
MONGODB xplaygrounds_development['users'].find({})
Rendered home/index.html.haml within layouts/application (1.9ms)
Completed 500 Internal Server Error in 6ms

ActionView::Template::Error (Inconsistent indentation: 4 spaces were used for indentation, but the rest of the document was indented using 1 tab.):
    2: %html
    3: 	%head
    4: 		%title Xplaygrounds
    5:     = stylesheet_link_tag    "application"
    6:     = javascript_include_tag "application"
    7:     = csrf_meta_tags
    8: 	%body
  app/views/layouts/application.html.haml:5

Rendered /Users/MiGa/.rvm/gems/ruby-1.9.2-p180@rails31/gems/actionpack-3.1.0.rc4/lib/action_dispatch/middleware/templates/rescues/_trace.erb (1.0ms)
Rendered /Users/MiGa/.rvm/gems/ruby-1.9.2-p180@rails31/gems/actionpack-3.1.0.rc4/lib/action_dispatch/middleware/templates/rescues/_request_and_response.erb (0.8ms)
Rendered /Users/MiGa/.rvm/gems/ruby-1.9.2-p180@rails31/gems/actionpack-3.1.0.rc4/lib/action_dispatch/middleware/templates/rescues/template_error.erb within rescues/layout (4.0ms)


Started GET "/" for 127.0.0.1 at 2011-06-24 05:19:11 +0200
  Processing by HomeController#index as HTML
MONGODB xplaygrounds_development['users'].find({})
Rendered home/index.html.haml within layouts/application (2.3ms)
Completed 500 Internal Server Error in 7ms

ActionView::Template::Error (Inconsistent indentation: 4 spaces were used for indentation, but the rest of the document was indented using 1 tab.):
    2: %html
    3: 	%head
    4: 	%title Xplaygrounds
    5:     = stylesheet_link_tag    "application"
    6:     = javascript_include_tag "application"
    7:     = csrf_meta_tags
    8: 	%body
  app/views/layouts/application.html.haml:5

Rendered /Users/MiGa/.rvm/gems/ruby-1.9.2-p180@rails31/gems/actionpack-3.1.0.rc4/lib/action_dispatch/middleware/templates/rescues/_trace.erb (1.0ms)
Rendered /Users/MiGa/.rvm/gems/ruby-1.9.2-p180@rails31/gems/actionpack-3.1.0.rc4/lib/action_dispatch/middleware/templates/rescues/_request_and_response.erb (0.8ms)
Rendered /Users/MiGa/.rvm/gems/ruby-1.9.2-p180@rails31/gems/actionpack-3.1.0.rc4/lib/action_dispatch/middleware/templates/rescues/template_error.erb within rescues/layout (4.1ms)


Started GET "/" for 127.0.0.1 at 2011-06-24 05:19:13 +0200
  Processing by HomeController#index as HTML
MONGODB xplaygrounds_development['users'].find({})
Rendered home/index.html.haml within layouts/application (2.1ms)
Completed 500 Internal Server Error in 6ms

ActionView::Template::Error (Inconsistent indentation: 4 spaces were used for indentation, but the rest of the document was indented using 1 tab.):
    2: %html
    3: 	%head
    4: 	%title Xplaygrounds
    5:     = stylesheet_link_tag    "application"
    6:     = javascript_include_tag "application"
    7:     = csrf_meta_tags
    8: 	%body
  app/views/layouts/application.html.haml:5

Rendered /Users/MiGa/.rvm/gems/ruby-1.9.2-p180@rails31/gems/actionpack-3.1.0.rc4/lib/action_dispatch/middleware/templates/rescues/_trace.erb (1.2ms)
Rendered /Users/MiGa/.rvm/gems/ruby-1.9.2-p180@rails31/gems/actionpack-3.1.0.rc4/lib/action_dispatch/middleware/templates/rescues/_request_and_response.erb (0.9ms)
Rendered /Users/MiGa/.rvm/gems/ruby-1.9.2-p180@rails31/gems/actionpack-3.1.0.rc4/lib/action_dispatch/middleware/templates/rescues/template_error.erb within rescues/layout (4.6ms)


Started GET "/" for 127.0.0.1 at 2011-06-24 05:19:32 +0200
  Processing by HomeController#index as HTML
MONGODB xplaygrounds_development['users'].find({})
Rendered home/index.html.haml within layouts/application (2.0ms)
Completed 500 Internal Server Error in 7ms

ActionView::Template::Error (Inconsistent indentation: 4 spaces were used for indentation, but the rest of the document was indented using 1 tab.):
    2: %html
    3: 	%head
    4: 	%title Xplaygrounds
    5:     = stylesheet_link_tag    "application"
    6:     = javascript_include_tag "application"
    7:     = csrf_meta_tags
    8: 	%body
  app/views/layouts/application.html.haml:5

Rendered /Users/MiGa/.rvm/gems/ruby-1.9.2-p180@rails31/gems/actionpack-3.1.0.rc4/lib/action_dispatch/middleware/templates/rescues/_trace.erb (1.1ms)
Rendered /Users/MiGa/.rvm/gems/ruby-1.9.2-p180@rails31/gems/actionpack-3.1.0.rc4/lib/action_dispatch/middleware/templates/rescues/_request_and_response.erb (1.0ms)
Rendered /Users/MiGa/.rvm/gems/ruby-1.9.2-p180@rails31/gems/actionpack-3.1.0.rc4/lib/action_dispatch/middleware/templates/rescues/template_error.erb within rescues/layout (5.2ms)


Started GET "/" for 127.0.0.1 at 2011-06-24 05:19:50 +0200
  Processing by HomeController#index as HTML
MONGODB xplaygrounds_development['users'].find({})
Rendered home/index.html.haml within layouts/application (2.0ms)
Completed 500 Internal Server Error in 6ms

ActionView::Template::Error (Inconsistent indentation: 4 spaces were used for indentation, but the rest of the document was indented using 1 tab.):
    2: %html
    3: 	%head
    4: 		%title Xplaygrounds
    5:     = stylesheet_link_tag    "application"
    6:     = javascript_include_tag "application"
    7:     = csrf_meta_tags
    8: 	%body
  app/views/layouts/application.html.haml:5

Rendered /Users/MiGa/.rvm/gems/ruby-1.9.2-p180@rails31/gems/actionpack-3.1.0.rc4/lib/action_dispatch/middleware/templates/rescues/_trace.erb (1.0ms)
Rendered /Users/MiGa/.rvm/gems/ruby-1.9.2-p180@rails31/gems/actionpack-3.1.0.rc4/lib/action_dispatch/middleware/templates/rescues/_request_and_response.erb (0.8ms)
Rendered /Users/MiGa/.rvm/gems/ruby-1.9.2-p180@rails31/gems/actionpack-3.1.0.rc4/lib/action_dispatch/middleware/templates/rescues/template_error.erb within rescues/layout (4.1ms)


Started GET "/" for 127.0.0.1 at 2011-06-24 05:19:54 +0200
  Processing by HomeController#index as HTML
MONGODB xplaygrounds_development['users'].find({})
Rendered home/index.html.haml within layouts/application (1.9ms)
Completed 500 Internal Server Error in 6ms

ActionView::Template::Error (Inconsistent indentation: 4 spaces were used for indentation, but the rest of the document was indented using 1 tab.):
    2: %html
    3: 	%head
    4: 		%title Xplaygrounds
    5:     = stylesheet_link_tag    "application"
    6:     = javascript_include_tag "application"
    7:     = csrf_meta_tags
    8: 	%body
  app/views/layouts/application.html.haml:5

Rendered /Users/MiGa/.rvm/gems/ruby-1.9.2-p180@rails31/gems/actionpack-3.1.0.rc4/lib/action_dispatch/middleware/templates/rescues/_trace.erb (1.0ms)
Rendered /Users/MiGa/.rvm/gems/ruby-1.9.2-p180@rails31/gems/actionpack-3.1.0.rc4/lib/action_dispatch/middleware/templates/rescues/_request_and_response.erb (0.9ms)
Rendered /Users/MiGa/.rvm/gems/ruby-1.9.2-p180@rails31/gems/actionpack-3.1.0.rc4/lib/action_dispatch/middleware/templates/rescues/template_error.erb within rescues/layout (4.1ms)


Started GET "/" for 127.0.0.1 at 2011-06-24 05:20:19 +0200
  Processing by HomeController#index as HTML
MONGODB xplaygrounds_development['users'].find({})
Rendered home/index.html.haml within layouts/application (2.3ms)
Rendered devise/menu/_registration_items.html.haml (0.5ms)
Rendered devise/menu/_login_items.html.haml (0.3ms)
Completed 200 OK in 12ms (Views: 11.9ms)


Started GET "/assets/application.css" for 127.0.0.1 at 2011-06-24 05:20:19 +0200
Compiled ~/Dev/RAILSAPPS/xplaygrounds/app/assets/stylesheets/application.css  (10ms)  (pid 16333)
Compiled ~/Dev/RAILSAPPS/xplaygrounds/app/assets/stylesheets/application.css  (0ms)  (pid 16333)
Served asset /application.css - 200 OK  (12ms)  (pid 16333)


Started GET "/assets/application.js" for 127.0.0.1 at 2011-06-24 05:20:19 +0200
Served asset /application.js - 304 Not Modified  (0ms)  (pid 16333)


Started GET "/" for 127.0.0.1 at 2011-06-24 05:22:09 +0200
  Processing by HomeController#index as HTML
Rendered home/index.html.haml within layouts/application (1.3ms)
Completed 500 Internal Server Error in 4ms

ActionView::Template::Error (Inconsistent indentation: "\t  " was used for indentation, but the rest of the document was indented using 1 tab.):
    2: 	%h1 X-Playgrounds rocks!
    3: 	%h3 Home
    4: 	- @users.each do |user|
    5: 	  %p
    6: 	    User: #{link_to user.name, user}
  app/views/home/index.html.haml:5

Rendered /Users/MiGa/.rvm/gems/ruby-1.9.2-p180@rails31/gems/actionpack-3.1.0.rc4/lib/action_dispatch/middleware/templates/rescues/_trace.erb (1.0ms)
Rendered /Users/MiGa/.rvm/gems/ruby-1.9.2-p180@rails31/gems/actionpack-3.1.0.rc4/lib/action_dispatch/middleware/templates/rescues/_request_and_response.erb (0.9ms)
Rendered /Users/MiGa/.rvm/gems/ruby-1.9.2-p180@rails31/gems/actionpack-3.1.0.rc4/lib/action_dispatch/middleware/templates/rescues/template_error.erb within rescues/layout (4.1ms)


Started GET "/" for 127.0.0.1 at 2011-06-24 05:22:40 +0200
  Processing by HomeController#index as HTML
MONGODB xplaygrounds_development['users'].find({})
Rendered home/index.html.haml within layouts/application (3.6ms)
Rendered devise/menu/_registration_items.html.haml (0.7ms)
Rendered devise/menu/_login_items.html.haml (0.4ms)
Completed 200 OK in 10ms (Views: 9.3ms)


Started GET "/assets/application.js" for 127.0.0.1 at 2011-06-24 05:22:41 +0200
Served asset /application.js - 304 Not Modified  (0ms)  (pid 16333)


Started GET "/assets/application.css" for 127.0.0.1 at 2011-06-24 05:22:41 +0200
Served asset /application.css - 304 Not Modified  (0ms)  (pid 16333)
MongoDB logging. Please note that logging negatively impacts performance and should be disabled for high-performance production apps.
MONGODB admin['$cmd'].find({:ismaster=>1})
MONGODB admin['$cmd'].find({:ismaster=>1})


Started GET "/" for 127.0.0.1 at 2011-06-24 23:03:07 +0200
  Processing by HomeController#index as HTML
MONGODB xplaygrounds_development['users'].find({})
Rendered home/index.html.haml within layouts/application (25.9ms)
Rendered devise/menu/_registration_items.html.haml (2.4ms)
Rendered devise/menu/_login_items.html.haml (2.1ms)
Completed 200 OK in 163ms (Views: 162.2ms)


Started GET "/assets/application.js" for 127.0.0.1 at 2011-06-24 23:03:08 +0200
Compiled ~/Dev/RAILSAPPS/xplaygrounds/app/assets/javascripts/application.js  (11ms)  (pid 245)
Compiled ~/.rvm/gems/ruby-1.9.2-p180@rails31/gems/jquery-rails-1.0.12/vendor/assets/javascripts/jquery.js  (13ms)  (pid 245)
Compiled ~/.rvm/gems/ruby-1.9.2-p180@rails31/gems/jquery-rails-1.0.12/vendor/assets/javascripts/jquery_ujs.js  (1ms)  (pid 245)
Compiled ~/Dev/RAILSAPPS/xplaygrounds/app/assets/javascripts/home.js.coffee  (138ms)  (pid 245)
Compiled ~/Dev/RAILSAPPS/xplaygrounds/app/assets/javascripts/users.js.coffee  (65ms)  (pid 245)
Compiled ~/Dev/RAILSAPPS/xplaygrounds/app/assets/javascripts/application.js  (0ms)  (pid 245)
Served asset /application.js - 200 OK  (238ms)  (pid 245)


Started GET "/assets/application.css" for 127.0.0.1 at 2011-06-24 23:03:08 +0200
Compiled ~/Dev/RAILSAPPS/xplaygrounds/app/assets/stylesheets/application.css  (16ms)  (pid 245)
Compiled ~/Dev/RAILSAPPS/xplaygrounds/app/assets/stylesheets/application.css  (0ms)  (pid 245)
Served asset /application.css - 200 OK  (18ms)  (pid 245)


Started GET "/users/sign_up" for 127.0.0.1 at 2011-06-24 23:03:11 +0200
  Processing by Devise::RegistrationsController#new as HTML
Rendered /Users/MiGa/.rvm/gems/ruby-1.9.2-p180@rails31/gems/devise-1.3.4/app/views/devise/shared/_links.erb (1.8ms)
Rendered devise/registrations/new.html.haml within layouts/application (166.6ms)
Rendered devise/menu/_registration_items.html.haml (0.6ms)
Rendered devise/menu/_login_items.html.haml (0.4ms)
Completed 200 OK in 184ms (Views: 183.1ms)


Started GET "/users/sign_in" for 127.0.0.1 at 2011-06-24 23:03:13 +0200
  Processing by Devise::SessionsController#new as HTML
Rendered /Users/MiGa/.rvm/gems/ruby-1.9.2-p180@rails31/gems/devise-1.3.4/app/views/devise/shared/_links.erb (0.7ms)
Rendered /Users/MiGa/.rvm/gems/ruby-1.9.2-p180@rails31/gems/devise-1.3.4/app/views/devise/sessions/new.html.erb within layouts/application (5.2ms)
Rendered devise/menu/_registration_items.html.haml (0.6ms)
Rendered devise/menu/_login_items.html.haml (0.4ms)
Completed 200 OK in 12ms (Views: 11.2ms)


Started GET "/users/sign_up" for 127.0.0.1 at 2011-06-24 23:03:14 +0200
  Processing by Devise::RegistrationsController#new as HTML
Rendered /Users/MiGa/.rvm/gems/ruby-1.9.2-p180@rails31/gems/devise-1.3.4/app/views/devise/shared/_links.erb (0.7ms)
Rendered devise/registrations/new.html.haml within layouts/application (4.9ms)
Rendered devise/menu/_registration_items.html.haml (0.5ms)
Rendered devise/menu/_login_items.html.haml (0.4ms)
Completed 200 OK in 11ms (Views: 10.1ms)
MongoDB logging. Please note that logging negatively impacts performance and should be disabled for high-performance production apps.
MONGODB admin['$cmd'].find({:ismaster=>1})
MONGODB admin['$cmd'].find({:ismaster=>1})


Started GET "/" for 127.0.0.1 at 2011-06-25 00:27:58 +0200
  Processing by HomeController#index as HTML
MONGODB xplaygrounds_development['users'].find({})
Rendered home/index.html.haml within layouts/application (24.5ms)
Rendered devise/menu/_registration_items.html.haml (2.3ms)
Rendered devise/menu/_login_items.html.haml (2.1ms)
Completed 200 OK in 100ms (Views: 99.1ms)


Started GET "/assets/application.css" for 127.0.0.1 at 2011-06-25 00:27:59 +0200
Compiled ~/Dev/RAILSAPPS/TeachSkills/app/assets/stylesheets/application.css  (0ms)  (pid 6620)
Compiled ~/Dev/RAILSAPPS/TeachSkills/app/assets/stylesheets/application.css  (0ms)  (pid 6620)
Served asset /application.css - 200 OK  (2ms)  (pid 6620)
MongoDB logging. Please note that logging negatively impacts performance and should be disabled for high-performance production apps.
MONGODB admin['$cmd'].find({:ismaster=>1})
MONGODB admin['$cmd'].find({:ismaster=>1})


Started GET "/assets/application.js" for 127.0.0.1 at 2011-06-25 00:28:06 +0200
Compiled ~/Dev/RAILSAPPS/TeachSkills/app/assets/javascripts/application.js  (2ms)  (pid 6632)
Compiled ~/.rvm/gems/ruby-1.9.2-p180@rails31/gems/jquery-rails-1.0.12/vendor/assets/javascripts/jquery.js  (0ms)  (pid 6632)
Compiled ~/.rvm/gems/ruby-1.9.2-p180@rails31/gems/jquery-rails-1.0.12/vendor/assets/javascripts/jquery_ujs.js  (0ms)  (pid 6632)
Compiled ~/Dev/RAILSAPPS/TeachSkills/app/assets/javascripts/home.js.coffee  (153ms)  (pid 6632)
Compiled ~/Dev/RAILSAPPS/TeachSkills/app/assets/javascripts/users.js.coffee  (66ms)  (pid 6632)
Compiled ~/Dev/RAILSAPPS/TeachSkills/app/assets/javascripts/application.js  (0ms)  (pid 6632)
Served asset /application.js - 200 OK  (233ms)  (pid 6632)
